::1 - - [25/Dec/2020:13:22:32 +0000] "POST /DSemployeehomepage HTTP/1.1" 200 883
::1 - - [25/Dec/2020:14:00:45 +0000] "GET /employeeinspectionimageslist HTTP/1.1" 200 84
25/Dec/2020:14:00:55 +0000 : common
2020-12-25T14:01:44.663Z : common
::1 - - [25/Dec/2020:14:02:52 +0000] "GET /employeeinspectionimageslist HTTP/1.1" 200 84
::1 - - [25/Dec/2020:14:51:08 +0000] "GET /employeeinspectionimageslist HTTP/1.1" 200 84
::1 - - [28/Dec/2020:06:22:59 +0000] "POST /DSemployeehomepage HTTP/1.1" 200 393
::1 - - [28/Dec/2020:06:23:13 +0000] "POST /employeeLocationDetails HTTP/1.1" 200 733
::1 - - [29/Dec/2020:08:01:03 +0000] "GET /employeeinvoicepaymentdeatils/1/1 HTTP/1.1" 200 214
::1 - - [29/Dec/2020:08:02:38 +0000] "GET /employeeinvoicepaymentdeatils/1/1 HTTP/1.1" 200 271
::1 - - [04/Jan/2021:10:04:54 +0000] "POST /EmployeeOTPverification HTTP/1.1" 200 317
::1 - - [04/Jan/2021:11:54:17 +0000] "GET /customervehicledetails/72 HTTP/1.1" 200 126
::1 - - [04/Jan/2021:11:54:41 +0000] "GET /customervehicledetails/72 HTTP/1.1" 200 124
::1 - - [04/Jan/2021:11:54:50 +0000] "GET /customervehicledetails/62 HTTP/1.1" 200 -
::1 - - [04/Jan/2021:11:55:25 +0000] "GET /customervehicledetails/72 HTTP/1.1" 200 124
::1 - - [04/Jan/2021:11:57:26 +0000] "GET /customervehicledetails/72 HTTP/1.1" 200 124
::1 - - [04/Jan/2021:12:03:12 +0000] "GET /customervehicledetails/62 HTTP/1.1" 200 120
::1 - - [04/Jan/2021:12:05:11 +0000] "GET /customervehicledetails/62 HTTP/1.1" 200 108
::1 - - [04/Jan/2021:12:05:47 +0000] "GET /customervehicledetails/62 HTTP/1.1" 200 149
::1 - - [04/Jan/2021:12:06:24 +0000] "GET /customervehicledetails/62 HTTP/1.1" 200 149
::1 - - [04/Jan/2021:12:06:29 +0000] "GET /customervehicledetails/ HTTP/1.1" 404 162
::1 - - [04/Jan/2021:12:06:36 +0000] "GET /customervehicledetails/62 HTTP/1.1" 200 149
::1 - - [04/Jan/2021:12:13:17 +0000] "GET /customervehicledetails/62 HTTP/1.1" 200 156
::1 - - [04/Jan/2021:13:31:41 +0000] "PATCH /customervehicledetailsupdate HTTP/1.1" 404 169
::1 - - [04/Jan/2021:13:32:32 +0000] "PATCH /customervehicledetailsupdate HTTP/1.1" 404 169
::1 - - [04/Jan/2021:13:32:59 +0000] "POST /customervehicledetailsupdate HTTP/1.1" 404 168
::1 - - [04/Jan/2021:13:34:00 +0000] "PATCH /customervehicledetailsupdate HTTP/1.1" 500 48
::1 - - [04/Jan/2021:13:34:33 +0000] "PATCH /customervehicledetailsupdate HTTP/1.1" 500 48
::1 - - [04/Jan/2021:13:34:45 +0000] "PATCH /customervehicledetailsupdate HTTP/1.1" 500 48
::1 - - [04/Jan/2021:13:36:22 +0000] "PATCH /customervehicledetailsupdate HTTP/1.1" 200 54
::1 - - [04/Jan/2021:13:36:36 +0000] "PATCH /customervehicledetailsupdate HTTP/1.1" 200 54
::1 - - [04/Jan/2021:13:37:10 +0000] "PATCH /customervehicledetailsupdate HTTP/1.1" 200 54
::1 - - [05/Jan/2021:12:37:23 +0000] "PATCH /obddevicereportupdate HTTP/1.1" 200 54
::1 - - [05/Feb/2021:13:25:59 +0000] "POST /employeedeviceupdateobd2 HTTP/1.1" 200 54
::1 - - [05/Feb/2021:13:26:16 +0000] "POST /employeedeviceupdateobd2 HTTP/1.1" 200 54
::1 - - [05/Feb/2021:13:27:20 +0000] "POST /employeedeviceupdateobd2 HTTP/1.1" - -
::1 - - [05/Feb/2021:13:29:08 +0000] "POST /employeedeviceupdateobd2 HTTP/1.1" 200 54
::1 - - [05/Feb/2021:13:29:13 +0000] "POST /employeedeviceupdateobd2 HTTP/1.1" 300 54
::1 - - [05/Feb/2021:13:30:21 +0000] "POST /employeedeviceupdateobd2 HTTP/1.1" - -
::1 - - [05/Feb/2021:13:31:14 +0000] "POST /employeedeviceupdateobd2 HTTP/1.1" 200 53
::1 - - [05/Feb/2021:13:31:18 +0000] "POST /employeedeviceupdateobd2 HTTP/1.1" 200 54
::1 - - [05/Feb/2021:14:12:16 +0000] "GET /employeeinvoicepaymentdeatils/54784/21309 HTTP/1.1" 200 290
::1 - - [05/Feb/2021:14:12:16 +0000] "GET /favicon.ico HTTP/1.1" 404 150
::1 - - [11/Feb/2021:07:45:46 +0000] "POST /employeepostinspectionstatusupdate HTTP/1.1" 200 62
::1 - - [27/Feb/2021:10:09:22 +0000] "GET /dashboardemployeePostInspection/1/1/1 HTTP/1.1" 200 690
::1 - - [27/Feb/2021:10:28:05 +0000] "POST /dashboardinsepectionImagesUpload HTTP/1.1" 200 62
::1 - - [27/Feb/2021:10:29:12 +0000] "POST /dashboardinsepectionImagesUpload HTTP/1.1" 200 62
::1 - - [27/Feb/2021:10:34:55 +0000] "POST /dashboardinsepectionImagesUpload HTTP/1.1" 200 62
::1 - - [27/Feb/2021:11:26:26 +0000] "POST /dashboardeimageprocessing HTTP/1.1" 200 62
::1 - - [27/Feb/2021:11:26:52 +0000] "POST /dashboardeimageprocessing HTTP/1.1" 200 62
